<?xml version="1.0" encoding="UTF-8"?>
<!-- Generated by org.testng.reporters.JUnitReportReporter -->
<testsuite hostname="Swasthik-L14-7EL132" failures="0" tests="2" name="com.selenium.demo.tests.Home" time="21.556" errors="0" timestamp="2026-01-27T17:45:49 IST" skipped="0">
  <testcase classname="com.selenium.demo.tests.Home" name="searchForAProduct" time="7.033"/>
  <testcase classname="com.selenium.demo.tests.Home" name="updateUserLocation" time="14.523"/>
</testsuite> <!-- com.selenium.demo.tests.Home -->
